Mon Jan 15 22:55:46 2024
 => SERVER: process started
Mon Jan 15 22:55:46 2024
 => SERVER: pipes opened
Mon Jan 15 22:55:47 2024
 => WINDOW: process started
Mon Jan 15 22:55:47 2024
 => WINDOW: pipe opened
Mon Jan 15 22:55:47 2024
 => DRONE: process started
Mon Jan 15 22:55:47 2024
 => DRONE: pipes opened
INPUT: process started
OBSTACLES: process started
OBSTACLES: pipes opened
TARGETS: process started
TARGETS: pipes opened
Mon Jan 15 22:55:49 2024
 => obs
Mon Jan 15 22:55:49 2024
 => WATCH DOG: process started
Mon Jan 15 22:55:49 2024
 => WATCH DOG: sending signals to processes
SERVER: signal SIGUSR1 received from WATCH DOG
Mon Jan 15 22:55:49 2024
 => WATCH DOG: SERVER received signal
DRONE: signal SIGUSR1 received from WATCH DOG
Mon Jan 15 22:55:49 2024
 => WATCH DOG: DRONE received signal
INPUT: signal SIGUSR1 received from WATCH DOG
Mon Jan 15 22:55:49 2024
 => WATCH DOG: INPUT received signal
OBSTACLES: signal SIGUSR1 received from WATCH DOG
Mon Jan 15 22:55:49 2024
 => WATCH DOG: OBSTACLE received signal
TARGETS: signal SIGUSR1 received from WATCH DOG
Mon Jan 15 22:55:49 2024
 => WATCH DOG: TARGETS received signal
Mon Jan 15 22:55:49 2024
 => tar
SERVER: terminating with return value 0...
OBSTACLE: terminating with return value 0...
TARGETS: terminating with return value 0...
